<?xml version="1.0" encoding="UTF-8"?>
<testng-results skipped="0" failed="0" ignored="0" total="3" passed="3">
  <reporter-output>
  </reporter-output>
  <suite name="Default suite" duration-ms="3000" started-at="2020-09-07T11:53:45 EDT" finished-at="2020-09-07T11:53:48 EDT">
    <groups>
    </groups>
    <test name="Default test" duration-ms="3000" started-at="2020-09-07T11:53:45 EDT" finished-at="2020-09-07T11:53:48 EDT">
      <class name="RestAssuredAutomation.TC003_POST_Register">
        <test-method status="PASS" signature="test_1_post()[pri:0, instance:RestAssuredAutomation.TC003_POST_Register@11758f2a]" name="test_1_post" duration-ms="1913" started-at="2020-09-07T11:53:45 EDT" finished-at="2020-09-07T11:53:47 EDT">
          <reporter-output>
          </reporter-output>
        </test-method> <!-- test_1_post -->
        <test-method status="PASS" signature="test_2_put()[pri:0, instance:RestAssuredAutomation.TC003_POST_Register@11758f2a]" name="test_2_put" duration-ms="451" started-at="2020-09-07T11:53:47 EDT" finished-at="2020-09-07T11:53:47 EDT">
          <reporter-output>
          </reporter-output>
        </test-method> <!-- test_2_put -->
        <test-method status="PASS" signature="test_3_patch()[pri:0, instance:RestAssuredAutomation.TC003_POST_Register@11758f2a]" name="test_3_patch" duration-ms="588" started-at="2020-09-07T11:53:47 EDT" finished-at="2020-09-07T11:53:48 EDT">
          <reporter-output>
          </reporter-output>
        </test-method> <!-- test_3_patch -->
      </class> <!-- RestAssuredAutomation.TC003_POST_Register -->
    </test> <!-- Default test -->
  </suite> <!-- Default suite -->
</testng-results>
