<?xml version="1.0" encoding="UTF-8"?>
<!-- Generated by org.testng.reporters.JUnitXMLReporter -->
<testsuite hostname="Farrukhs-MBP.fios-router.home" ignored="4" name="Car Loan" tests="4" failures="0" timestamp="2020-08-03T14:32:58 EDT" time="0.016" errors="0">
  <testcase name="MobileLogincarLoan" time="0.001" classname="seleniumTest.Project.day3TestNg"/>
  <testcase name="MobilesignoutcarLoan" time="0.0" classname="seleniumTest.Project.day3TestNg"/>
  <testcase name="MobilesignoutcarLoan" time="0.001" classname="seleniumTest.Project.day3TestNg"/>
  <testcase name="MobilesignoutcarLoan" time="0.001" classname="seleniumTest.Project.day3TestNg"/>
  <testcase name="MobilesignincarLoan" time="0.0" classname="seleniumTest.Project.day3TestNg">
    <ignored/>
  </testcase> <!-- MobilesignincarLoan -->
  <testcase name="LoginAPIcarLoan" time="0.0" classname="seleniumTest.Project.day3TestNg">
    <ignored/>
  </testcase> <!-- LoginAPIcarLoan -->
  <testcase name="dependenceMethod" time="0.0" classname="seleniumTest.Project.day3TestNg">
    <ignored/>
  </testcase> <!-- dependenceMethod -->
  <testcase name="WebloginCarLoan" time="0.0" classname="seleniumTest.Project.day3TestNg">
    <ignored/>
  </testcase> <!-- WebloginCarLoan -->
</testsuite> <!-- Car Loan -->
