<?xml version="1.0" encoding="UTF-8"?>
<!-- Generated by org.testng.reporters.JUnitXMLReporter -->
<testsuite hostname="Farrukhs-MBP.fios-router.home" ignored="1" name="Car Loan" tests="2" failures="0" timestamp="2020-08-02T16:37:06 EDT" time="0.006" errors="0">
  <testcase name="LoginAPIcarLoan" time="0.001" classname="seleniumTest.Project.day3TestNg"/>
  <testcase name="WebloginCarLoan" time="0.0" classname="seleniumTest.Project.day3TestNg"/>
  <testcase name="MobileLogincarLoan" time="0.0" classname="seleniumTest.Project.day3TestNg">
    <ignored/>
  </testcase> <!-- MobileLogincarLoan -->
</testsuite> <!-- Car Loan -->
