<?xml version="1.0" encoding="UTF-8"?>
<!-- Generated by org.testng.reporters.JUnitXMLReporter -->
<testsuite hostname="Farrukhs-MBP.fios-router.home" ignored="9" name="Regression" tests="3" failures="0" timestamp="2020-08-03T14:32:19 EDT" time="0.055" errors="0">
  <testcase name="MobileLogincarLoan" time="0.01" classname="seleniumTest.Project.day3TestNg"/>
  <testcase name="ploan" time="0.001" classname="seleniumTest.Project.day2TestNg"/>
  <testcase name="MobileLoginHomeLoan" time="0.001" classname="seleniumTest.Project.day4TestNg"/>
  <testcase name="MobilesignincarLoan" time="0.0" classname="seleniumTest.Project.day3TestNg">
    <ignored/>
  </testcase> <!-- MobilesignincarLoan -->
  <testcase name="SecondTest" time="0.0" classname="seleniumTest.Project.day1TestNg">
    <ignored/>
  </testcase> <!-- SecondTest -->
  <testcase name="WebloginHomeLoan" time="0.0" classname="seleniumTest.Project.day4TestNg">
    <ignored/>
  </testcase> <!-- WebloginHomeLoan -->
  <testcase name="Demo" time="0.0" classname="seleniumTest.Project.day1TestNg">
    <ignored/>
  </testcase> <!-- Demo -->
  <testcase name="MobilesignoutcarLoan" time="0.0" classname="seleniumTest.Project.day3TestNg">
    <ignored/>
  </testcase> <!-- MobilesignoutcarLoan -->
  <testcase name="LoginAPIHomeLoan" time="0.0" classname="seleniumTest.Project.day4TestNg">
    <ignored/>
  </testcase> <!-- LoginAPIHomeLoan -->
  <testcase name="LoginAPIcarLoan" time="0.0" classname="seleniumTest.Project.day3TestNg">
    <ignored/>
  </testcase> <!-- LoginAPIcarLoan -->
  <testcase name="dependenceMethod" time="0.0" classname="seleniumTest.Project.day3TestNg">
    <ignored/>
  </testcase> <!-- dependenceMethod -->
  <testcase name="WebloginCarLoan" time="0.0" classname="seleniumTest.Project.day3TestNg">
    <ignored/>
  </testcase> <!-- WebloginCarLoan -->
</testsuite> <!-- Regression -->
