<?xml version="1.0" encoding="UTF-8"?>
<!-- Generated by org.testng.reporters.JUnitXMLReporter -->
<testsuite hostname="Farrukhs-MacBook-Pro.local" ignored="0" name="Default test" tests="3" failures="0" timestamp="2020-09-07T11:53:48 EDT" time="3.0" errors="0">
  <testcase name="test_1_post" time="1.913" classname="RestAssuredAutomation.TC003_POST_Register"/>
  <testcase name="test_2_put" time="0.451" classname="RestAssuredAutomation.TC003_POST_Register"/>
  <testcase name="test_3_patch" time="0.588" classname="RestAssuredAutomation.TC003_POST_Register"/>
</testsuite> <!-- Default test -->
